Arguments: 
  /usr/local/bin/node /usr/local/bin/yarn

PATH: 
  /usr/local/bin:/usr/bin:/bin:/usr/sbin:/sbin:/Library/Apple/usr/bin:/usr/local/MongoDB/bin:/usr/local/mysql/bin:/usr/local/MongoDB/bin:/usr/local/mysql/bin

Yarn version: 
  1.22.15

Node version: 
  14.3.0

Platform: 
  darwin x64

Trace: 
  Error: connect ECONNREFUSED 61.184.215.177:443
      at TCPConnectWrap.afterConnect [as oncomplete] (net.js:1141:16)

npm manifest: 
  {
    "name": "vue3-admin-one",
    "version": "0.0.0",
    "scripts": {
      "dev": "vite",
      "build": "vite build",
      "serve": "vite preview"
    },
    "dependencies": {
      "vue": "^3.2.16"
    },
    "devDependencies": {
      "@vitejs/plugin-vue": "^1.9.3",
      "vite": "^2.6.4"
    }
  }

yarn manifest: 
  No manifest

Lockfile: 
  No lockfile
